     1                                  ; lab4.asm
     2                                  SECTION .data
     3 00000000 D0A1D0B0D0B2D0BED1-     	lab4: DB 'Савостин Олег',10
     3 00000009 81D182D0B8D0BD20D0-
     3 00000012 9ED0BBD0B5D0B30A   
     4                                  	
     5                                  	lab4Len: EQU $-lab4
     6                                  
     7                                  SECTION .text
     8                                  	GLOBAL _start
     9                                  
    10                                  _start:
    11 00000000 B804000000              	mov eax,4
    12 00000005 B9[00000000]            	mov ecx,lab4
    13 0000000A BA1A000000              	mov edx,lab4Len
    14 0000000F CD80                    	int 80h
    15                                  
    16 00000011 B801000000              	mov eax,1
    17 00000016 BB00000000              	mov ebx,0
    18 0000001B CD80                    	int 80h
